-------------------------------------------------------------------------------
Test set: roeuihyun.rest.service.logic.UserServiceLogicTest
-------------------------------------------------------------------------------
Tests run: 1, Failures: 0, Errors: 1, Skipped: 0, Time elapsed: 1.138 s <<< FAILURE! - in roeuihyun.rest.service.logic.UserServiceLogicTest
registerTest  Time elapsed: 0.001 s  <<< ERROR!
java.lang.IllegalStateException: Failed to load ApplicationContext
Caused by: org.springframework.beans.factory.BeanDefinitionStoreException: Failed to process import candidates for configuration class [roeuihyun.rest.UserRestApp]; nested exception is java.io.FileNotFoundException: class path resource [org/springframework/boot/sql/init/dependency/DatabaseInitializationDependencyConfigurer.class] cannot be opened because it does not exist
Caused by: java.io.FileNotFoundException: class path resource [org/springframework/boot/sql/init/dependency/DatabaseInitializationDependencyConfigurer.class] cannot be opened because it does not exist

